<?xml version="1.0" encoding="UTF-8"?>
<!-- Generated by org.testng.reporters.JUnitReportReporter -->
<testsuite hostname="Ramington-PC" name="com.vmetry.ntl.testcases.HomePageTest" tests="3" failures="0" timestamp="3 Sep 2016 08:06:36 GMT" time="31.606" errors="0">
  <testcase name="testhomepage" time="8.674" classname="com.vmetry.ntl.testcases.HomePageTest"/>
  <testcase name="testhomepage" time="9.313" classname="com.vmetry.ntl.testcases.HomePageTest"/>
  <testcase name="testhomepage" time="13.619" classname="com.vmetry.ntl.testcases.HomePageTest"/>
</testsuite> <!-- com.vmetry.ntl.testcases.HomePageTest -->
