<?xml version="1.0" encoding="UTF-8"?>
<!-- Generated by org.testng.reporters.JUnitReportReporter -->
<testsuite hostname="Ramington-PC" name="temp.ReportTest" tests="3" failures="0" timestamp="3 Sep 2016 07:03:06 GMT" time="46.009" errors="0">
  <testcase name="partialvalidLogin" time="6.931" classname="temp.ReportTest"/>
  <testcase name="invalidlogin" time="6.224" classname="temp.ReportTest"/>
  <testcase name="validlogin" time="32.854" classname="temp.ReportTest"/>
</testsuite> <!-- temp.ReportTest -->
