<?xml version="1.0" encoding="UTF-8"?>
<!-- Generated by org.testng.reporters.JUnitReportReporter -->
<testsuite hostname="Ramington-PC" name="com.vmetry.ntl.util.ReportGenerator" tests="1" failures="0" timestamp="3 Sep 2016 07:11:00 GMT" time="0.203" errors="0">
  <testcase name="archiveFile" time="0.203" classname="com.vmetry.ntl.util.ReportGenerator"/>
</testsuite> <!-- com.vmetry.ntl.util.ReportGenerator -->
